{"meta": {"format": 3, "version": "7.13.0", "timestamp": "2025-12-17T18:43:47.675660", "branch_coverage": false, "show_contexts": false}, "files": {"src/auto_rca/__init__.py": {"executed_lines": [1, 3, 4, 6, 7, 8, 9, 10, 12], "summary": {"covered_lines": 8, "num_statements": 8, "percent_covered": 100.0, "percent_covered_display": "100", "missing_lines": 0, "excluded_lines": 0, "percent_statements_covered": 100.0, "percent_statements_covered_display": "100"}, "missing_lines": [], "excluded_lines": [], "functions": {"": {"executed_lines": [1, 3, 4, 6, 7, 8, 9, 10, 12], "summary": {"covered_lines": 8, "num_statements": 8, "percent_covered": 100.0, "percent_covered_display": "100", "missing_lines": 0, "excluded_lines": 0, "percent_statements_covered": 100.0, "percent_statements_covered_display": "100"}, "missing_lines": [], "excluded_lines": []}}, "classes": {"": {"executed_lines": [1, 3, 4, 6, 7, 8, 9, 10, 12], "summary": {"covered_lines": 8, "num_statements": 8, "percent_covered": 100.0, "percent_covered_display": "100", "missing_lines": 0, "excluded_lines": 0, "percent_statements_covered": 100.0, "percent_statements_covered_display": "100"}, "missing_lines": [], "excluded_lines": []}}}, "src/auto_rca/api/__init__.py": {"executed_lines": [1, 3, 4, 13, 15], "summary": {"covered_lines": 4, "num_statements": 4, "percent_covered": 100.0, "percent_covered_display": "100", "missing_lines": 0, "excluded_lines": 0, "percent_statements_covered": 100.0, "percent_statements_covered_display": "100"}, "missing_lines": [], "excluded_lines": [], "functions": {"": {"executed_lines": [1, 3, 4, 13, 15], "summary": {"covered_lines": 4, "num_statements": 4, "percent_covered": 100.0, "percent_covered_display": "100", "missing_lines": 0, "excluded_lines": 0, "percent_statements_covered": 100.0, "percent_statements_covered_display": "100"}, "missing_lines": [], "excluded_lines": []}}, "classes": {"": {"executed_lines": [1, 3, 4, 13, 15], "summary": {"covered_lines": 4, "num_statements": 4, "percent_covered": 100.0, "percent_covered_display": "100", "missing_lines": 0, "excluded_lines": 0, "percent_statements_covered": 100.0, "percent_statements_covered_display": "100"}, "missing_lines": [], "excluded_lines": []}}}, "src/auto_rca/api/dependencies.py": {"executed_lines": [1, 3, 6, 9, 11], "summary": {"covered_lines": 4, "num_statements": 4, "percent_covered": 100.0, "percent_covered_display": "100", "missing_lines": 0, "excluded_lines": 0, "percent_statements_covered": 100.0, "percent_statements_covered_display": "100"}, "missing_lines": [], "excluded_lines": [], "functions": {"get_pipeline": {"executed_lines": [11], "summary": {"covered_lines": 1, "num_statements": 1, "percent_covered": 100.0, "percent_covered_display": "100", "missing_lines": 0, "excluded_lines": 0, "percent_statements_covered": 100.0, "percent_statements_covered_display": "100"}, "missing_lines": [], "excluded_lines": []}, "": {"executed_lines": [1, 3, 6, 9], "summary": {"covered_lines": 3, "num_statements": 3, "percent_covered": 100.0, "percent_covered_display": "100", "missing_lines": 0, "excluded_lines": 0, "percent_statements_covered": 100.0, "percent_statements_covered_display": "100"}, "missing_lines": [], "excluded_lines": []}}, "classes": {"": {"executed_lines": [1, 3, 6, 9, 11], "summary": {"covered_lines": 4, "num_statements": 4, "percent_covered": 100.0, "percent_covered_display": "100", "missing_lines": 0, "excluded_lines": 0, "percent_statements_covered": 100.0, "percent_statements_covered_display": "100"}, "missing_lines": [], "excluded_lines": []}}}, "src/auto_rca/api/main.py": {"executed_lines": [1, 3, 5, 6, 7, 17, 76, 77, 82, 83, 84, 85, 86, 87, 90], "summary": {"covered_lines": 13, "num_statements": 14, "percent_covered": 92.85714285714286, "percent_covered_display": "93", "missing_lines": 1, "excluded_lines": 3, "percent_statements_covered": 92.85714285714286, "percent_statements_covered_display": "93"}, "missing_lines": [79], "excluded_lines": [90, 91, 92], "functions": {"startup_event": {"executed_lines": [], "summary": {"covered_lines": 0, "num_statements": 1, "percent_covered": 0.0, "percent_covered_display": "0", "missing_lines": 1, "excluded_lines": 0, "percent_statements_covered": 0.0, "percent_statements_covered_display": "0"}, "missing_lines": [79], "excluded_lines": []}, "": {"executed_lines": [1, 3, 5, 6, 7, 17, 76, 77, 82, 83, 84, 85, 86, 87, 90], "summary": {"covered_lines": 13, "num_statements": 13, "percent_covered": 100.0, "percent_covered_display": "100", "missing_lines": 0, "excluded_lines": 3, "percent_statements_covered": 100.0, "percent_statements_covered_display": "100"}, "missing_lines": [], "excluded_lines": [90, 91, 92]}}, "classes": {"": {"executed_lines": [1, 3, 5, 6, 7, 17, 76, 77, 82, 83, 84, 85, 86, 87, 90], "summary": {"covered_lines": 13, "num_statements": 14, "percent_covered": 92.85714285714286, "percent_covered_display": "93", "missing_lines": 1, "excluded_lines": 3, "percent_statements_covered": 92.85714285714286, "percent_statements_covered_display": "93"}, "missing_lines": [79], "excluded_lines": [90, 91, 92]}}}, "src/auto_rca/api/routes/__init__.py": {"executed_lines": [1, 3, 4, 5, 6, 7, 8, 10], "summary": {"covered_lines": 7, "num_statements": 7, "percent_covered": 100.0, "percent_covered_display": "100", "missing_lines": 0, "excluded_lines": 0, "percent_statements_covered": 100.0, "percent_statements_covered_display": "100"}, "missing_lines": [], "excluded_lines": [], "functions": {"": {"executed_lines": [1, 3, 4, 5, 6, 7, 8, 10], "summary": {"covered_lines": 7, "num_statements": 7, "percent_covered": 100.0, "percent_covered_display": "100", "missing_lines": 0, "excluded_lines": 0, "percent_statements_covered": 100.0, "percent_statements_covered_display": "100"}, "missing_lines": [], "excluded_lines": []}}, "classes": {"": {"executed_lines": [1, 3, 4, 5, 6, 7, 8, 10], "summary": {"covered_lines": 7, "num_statements": 7, "percent_covered": 100.0, "percent_covered_display": "100", "missing_lines": 0, "excluded_lines": 0, "percent_statements_covered": 100.0, "percent_statements_covered_display": "100"}, "missing_lines": [], "excluded_lines": []}}}, "src/auto_rca/api/routes/analysis.py": {"executed_lines": [1, 3, 4, 5, 6, 8, 9, 11, 14, 117, 151, 202], "summary": {"covered_lines": 11, "num_statements": 35, "percent_covered": 31.428571428571427, "percent_covered_display": "31", "missing_lines": 24, "excluded_lines": 0, "percent_statements_covered": 31.428571428571427, "percent_statements_covered_display": "31"}, "missing_lines": [127, 128, 130, 131, 137, 139, 145, 146, 147, 148, 217, 218, 220, 221, 227, 228, 229, 232, 235, 237, 243, 244, 245, 246], "excluded_lines": [], "functions": {"analyze_logs": {"executed_lines": [], "summary": {"covered_lines": 0, "num_statements": 10, "percent_covered": 0.0, "percent_covered_display": "0", "missing_lines": 10, "excluded_lines": 0, "percent_statements_covered": 0.0, "percent_statements_covered_display": "0"}, "missing_lines": [127, 128, 130, 131, 137, 139, 145, 146, 147, 148], "excluded_lines": []}, "analyze_uploaded_logs": {"executed_lines": [], "summary": {"covered_lines": 0, "num_statements": 14, "percent_covered": 0.0, "percent_covered_display": "0", "missing_lines": 14, "excluded_lines": 0, "percent_statements_covered": 0.0, "percent_statements_covered_display": "0"}, "missing_lines": [217, 218, 220, 221, 227, 228, 229, 232, 235, 237, 243, 244, 245, 246], "excluded_lines": []}, "": {"executed_lines": [1, 3, 4, 5, 6, 8, 9, 11, 14, 117, 151, 202], "summary": {"covered_lines": 11, "num_statements": 11, "percent_covered": 100.0, "percent_covered_display": "100", "missing_lines": 0, "excluded_lines": 0, "percent_statements_covered": 100.0, "percent_statements_covered_display": "100"}, "missing_lines": [], "excluded_lines": []}}, "classes": {"": {"executed_lines": [1, 3, 4, 5, 6, 8, 9, 11, 14, 117, 151, 202], "summary": {"covered_lines": 11, "num_statements": 35, "percent_covered": 31.428571428571427, "percent_covered_display": "31", "missing_lines": 24, "excluded_lines": 0, "percent_statements_covered": 31.428571428571427, "percent_statements_covered_display": "31"}, "missing_lines": [127, 128, 130, 131, 137, 139, 145, 146, 147, 148, 217, 218, 220, 221, 227, 228, 229, 232, 235, 237, 243, 244, 245, 246], "excluded_lines": []}}}, "src/auto_rca/api/routes/configuration.py": {"executed_lines": [1, 3, 5, 6, 8, 11, 27, 45, 68], "summary": {"covered_lines": 8, "num_statements": 18, "percent_covered": 44.44444444444444, "percent_covered_display": "44", "missing_lines": 10, "excluded_lines": 0, "percent_statements_covered": 44.44444444444444, "percent_statements_covered_display": "44"}, "missing_lines": [29, 30, 31, 38, 39, 70, 71, 72, 79, 80], "excluded_lines": [], "functions": {"get_session_field_config": {"executed_lines": [], "summary": {"covered_lines": 0, "num_statements": 5, "percent_covered": 0.0, "percent_covered_display": "0", "missing_lines": 5, "excluded_lines": 0, "percent_statements_covered": 0.0, "percent_statements_covered_display": "0"}, "missing_lines": [29, 30, 31, 38, 39], "excluded_lines": []}, "update_session_field_config": {"executed_lines": [], "summary": {"covered_lines": 0, "num_statements": 5, "percent_covered": 0.0, "percent_covered_display": "0", "missing_lines": 5, "excluded_lines": 0, "percent_statements_covered": 0.0, "percent_statements_covered_display": "0"}, "missing_lines": [70, 71, 72, 79, 80], "excluded_lines": []}, "": {"executed_lines": [1, 3, 5, 6, 8, 11, 27, 45, 68], "summary": {"covered_lines": 8, "num_statements": 8, "percent_covered": 100.0, "percent_covered_display": "100", "missing_lines": 0, "excluded_lines": 0, "percent_statements_covered": 100.0, "percent_statements_covered_display": "100"}, "missing_lines": [], "excluded_lines": []}}, "classes": {"": {"executed_lines": [1, 3, 5, 6, 8, 11, 27, 45, 68], "summary": {"covered_lines": 8, "num_statements": 18, "percent_covered": 44.44444444444444, "percent_covered_display": "44", "missing_lines": 10, "excluded_lines": 0, "percent_statements_covered": 44.44444444444444, "percent_statements_covered_display": "44"}, "missing_lines": [29, 30, 31, 38, 39, 70, 71, 72, 79, 80], "excluded_lines": []}}}, "src/auto_rca/api/routes/health.py": {"executed_lines": [1, 3, 5, 6, 8, 11, 28, 38, 55], "summary": {"covered_lines": 8, "num_statements": 12, "percent_covered": 66.66666666666667, "percent_covered_display": "67", "missing_lines": 4, "excluded_lines": 0, "percent_statements_covered": 66.66666666666667, "percent_statements_covered_display": "67"}, "missing_lines": [30, 31, 57, 58], "excluded_lines": [], "functions": {"root": {"executed_lines": [], "summary": {"covered_lines": 0, "num_statements": 2, "percent_covered": 0.0, "percent_covered_display": "0", "missing_lines": 2, "excluded_lines": 0, "percent_statements_covered": 0.0, "percent_statements_covered_display": "0"}, "missing_lines": [30, 31], "excluded_lines": []}, "health_check": {"executed_lines": [], "summary": {"covered_lines": 0, "num_statements": 2, "percent_covered": 0.0, "percent_covered_display": "0", "missing_lines": 2, "excluded_lines": 0, "percent_statements_covered": 0.0, "percent_statements_covered_display": "0"}, "missing_lines": [57, 58], "excluded_lines": []}, "": {"executed_lines": [1, 3, 5, 6, 8, 11, 28, 38, 55], "summary": {"covered_lines": 8, "num_statements": 8, "percent_covered": 100.0, "percent_covered_display": "100", "missing_lines": 0, "excluded_lines": 0, "percent_statements_covered": 100.0, "percent_statements_covered_display": "100"}, "missing_lines": [], "excluded_lines": []}}, "classes": {"": {"executed_lines": [1, 3, 5, 6, 8, 11, 28, 38, 55], "summary": {"covered_lines": 8, "num_statements": 12, "percent_covered": 66.66666666666667, "percent_covered_display": "67", "missing_lines": 4, "excluded_lines": 0, "percent_statements_covered": 66.66666666666667, "percent_statements_covered_display": "67"}, "missing_lines": [30, 31, 57, 58], "excluded_lines": []}}}, "src/auto_rca/api/routes/models.py": {"executed_lines": [1, 3, 4, 6, 7, 8, 10, 13, 89, 120, 219], "summary": {"covered_lines": 10, "num_statements": 24, "percent_covered": 41.666666666666664, "percent_covered_display": "42", "missing_lines": 14, "excluded_lines": 0, "percent_statements_covered": 41.666666666666664, "percent_statements_covered_display": "42"}, "missing_lines": [104, 105, 106, 108, 116, 117, 221, 222, 224, 225, 233, 235, 251, 252], "excluded_lines": [], "functions": {"load_model": {"executed_lines": [], "summary": {"covered_lines": 0, "num_statements": 6, "percent_covered": 0.0, "percent_covered_display": "0", "missing_lines": 6, "excluded_lines": 0, "percent_statements_covered": 0.0, "percent_statements_covered_display": "0"}, "missing_lines": [104, 105, 106, 108, 116, 117], "excluded_lines": []}, "get_model_info": {"executed_lines": [], "summary": {"covered_lines": 0, "num_statements": 8, "percent_covered": 0.0, "percent_covered_display": "0", "missing_lines": 8, "excluded_lines": 0, "percent_statements_covered": 0.0, "percent_statements_covered_display": "0"}, "missing_lines": [221, 222, 224, 225, 233, 235, 251, 252], "excluded_lines": []}, "": {"executed_lines": [1, 3, 4, 6, 7, 8, 10, 13, 89, 120, 219], "summary": {"covered_lines": 10, "num_statements": 10, "percent_covered": 100.0, "percent_covered_display": "100", "missing_lines": 0, "excluded_lines": 0, "percent_statements_covered": 100.0, "percent_statements_covered_display": "100"}, "missing_lines": [], "excluded_lines": []}}, "classes": {"": {"executed_lines": [1, 3, 4, 6, 7, 8, 10, 13, 89, 120, 219], "summary": {"covered_lines": 10, "num_statements": 24, "percent_covered": 41.666666666666664, "percent_covered_display": "42", "missing_lines": 14, "excluded_lines": 0, "percent_statements_covered": 41.666666666666664, "percent_statements_covered_display": "42"}, "missing_lines": [104, 105, 106, 108, 116, 117, 221, 222, 224, 225, 233, 235, 251, 252], "excluded_lines": []}}}, "src/auto_rca/api/routes/processing.py": {"executed_lines": [1, 3, 4, 5, 6, 8, 9, 11, 14, 75], "summary": {"covered_lines": 9, "num_statements": 19, "percent_covered": 47.36842105263158, "percent_covered_display": "47", "missing_lines": 10, "excluded_lines": 0, "percent_statements_covered": 47.36842105263158, "percent_statements_covered_display": "47"}, "missing_lines": [90, 91, 94, 95, 96, 99, 102, 104, 110, 111], "excluded_lines": [], "functions": {"upload_logs": {"executed_lines": [], "summary": {"covered_lines": 0, "num_statements": 10, "percent_covered": 0.0, "percent_covered_display": "0", "missing_lines": 10, "excluded_lines": 0, "percent_statements_covered": 0.0, "percent_statements_covered_display": "0"}, "missing_lines": [90, 91, 94, 95, 96, 99, 102, 104, 110, 111], "excluded_lines": []}, "": {"executed_lines": [1, 3, 4, 5, 6, 8, 9, 11, 14, 75], "summary": {"covered_lines": 9, "num_statements": 9, "percent_covered": 100.0, "percent_covered_display": "100", "missing_lines": 0, "excluded_lines": 0, "percent_statements_covered": 100.0, "percent_statements_covered_display": "100"}, "missing_lines": [], "excluded_lines": []}}, "classes": {"": {"executed_lines": [1, 3, 4, 5, 6, 8, 9, 11, 14, 75], "summary": {"covered_lines": 9, "num_statements": 19, "percent_covered": 47.36842105263158, "percent_covered_display": "47", "missing_lines": 10, "excluded_lines": 0, "percent_statements_covered": 47.36842105263158, "percent_statements_covered_display": "47"}, "missing_lines": [90, 91, 94, 95, 96, 99, 102, 104, 110, 111], "excluded_lines": []}}}, "src/auto_rca/api/routes/training.py": {"executed_lines": [1, 3, 4, 6, 7, 9, 12, 109], "summary": {"covered_lines": 7, "num_statements": 18, "percent_covered": 38.888888888888886, "percent_covered_display": "39", "missing_lines": 11, "excluded_lines": 0, "percent_statements_covered": 38.888888888888886, "percent_statements_covered_display": "39"}, "missing_lines": [127, 128, 131, 132, 134, 135, 138, 145, 147, 156, 157], "excluded_lines": [], "functions": {"train_model": {"executed_lines": [], "summary": {"covered_lines": 0, "num_statements": 11, "percent_covered": 0.0, "percent_covered_display": "0", "missing_lines": 11, "excluded_lines": 0, "percent_statements_covered": 0.0, "percent_statements_covered_display": "0"}, "missing_lines": [127, 128, 131, 132, 134, 135, 138, 145, 147, 156, 157], "excluded_lines": []}, "": {"executed_lines": [1, 3, 4, 6, 7, 9, 12, 109], "summary": {"covered_lines": 7, "num_statements": 7, "percent_covered": 100.0, "percent_covered_display": "100", "missing_lines": 0, "excluded_lines": 0, "percent_statements_covered": 100.0, "percent_statements_covered_display": "100"}, "missing_lines": [], "excluded_lines": []}}, "classes": {"": {"executed_lines": [1, 3, 4, 6, 7, 9, 12, 109], "summary": {"covered_lines": 7, "num_statements": 18, "percent_covered": 38.888888888888886, "percent_covered_display": "39", "missing_lines": 11, "excluded_lines": 0, "percent_statements_covered": 38.888888888888886, "percent_statements_covered_display": "39"}, "missing_lines": [127, 128, 131, 132, 134, 135, 138, 145, 147, 156, 157], "excluded_lines": []}}}, "src/auto_rca/api/schemas.py": {"executed_lines": [1, 3, 4, 7, 8, 9, 20, 21, 22, 25, 26, 27, 36, 37, 40, 41, 42, 63, 64, 65, 68, 69, 70, 89, 90, 91, 94, 95, 96, 119, 120, 121, 124, 125, 126, 145, 146, 147, 150, 151, 152, 164, 165, 166, 169, 170, 171, 179, 182, 183, 184, 196, 197, 198], "summary": {"covered_lines": 44, "num_statements": 44, "percent_covered": 100.0, "percent_covered_display": "100", "missing_lines": 0, "excluded_lines": 0, "percent_statements_covered": 100.0, "percent_statements_covered_display": "100"}, "missing_lines": [], "excluded_lines": [], "functions": {"": {"executed_lines": [1, 3, 4, 7, 8, 9, 20, 21, 22, 25, 26, 27, 36, 37, 40, 41, 42, 63, 64, 65, 68, 69, 70, 89, 90, 91, 94, 95, 96, 119, 120, 121, 124, 125, 126, 145, 146, 147, 150, 151, 152, 164, 165, 166, 169, 170, 171, 179, 182, 183, 184, 196, 197, 198], "summary": {"covered_lines": 44, "num_statements": 44, "percent_covered": 100.0, "percent_covered_display": "100", "missing_lines": 0, "excluded_lines": 0, "percent_statements_covered": 100.0, "percent_statements_covered_display": "100"}, "missing_lines": [], "excluded_lines": []}}, "classes": {"HealthResponse": {"executed_lines": [], "summary": {"covered_lines": 0, "num_statements": 0, "percent_covered": 100.0, "percent_covered_display": "100", "missing_lines": 0, "excluded_lines": 0, "percent_statements_covered": 100.0, "percent_statements_covered_display": "100"}, "missing_lines": [], "excluded_lines": []}, "AnalysisRequest": {"executed_lines": [], "summary": {"covered_lines": 0, "num_statements": 0, "percent_covered": 100.0, "percent_covered_display": "100", "missing_lines": 0, "excluded_lines": 0, "percent_statements_covered": 100.0, "percent_statements_covered_display": "100"}, "missing_lines": [], "excluded_lines": []}, "AnalysisResponse": {"executed_lines": [], "summary": {"covered_lines": 0, "num_statements": 0, "percent_covered": 100.0, "percent_covered_display": "100", "missing_lines": 0, "excluded_lines": 0, "percent_statements_covered": 100.0, "percent_statements_covered_display": "100"}, "missing_lines": [], "excluded_lines": []}, "UploadResponse": {"executed_lines": [], "summary": {"covered_lines": 0, "num_statements": 0, "percent_covered": 100.0, "percent_covered_display": "100", "missing_lines": 0, "excluded_lines": 0, "percent_statements_covered": 100.0, "percent_statements_covered_display": "100"}, "missing_lines": [], "excluded_lines": []}, "TrainingResponse": {"executed_lines": [], "summary": {"covered_lines": 0, "num_statements": 0, "percent_covered": 100.0, "percent_covered_display": "100", "missing_lines": 0, "excluded_lines": 0, "percent_statements_covered": 100.0, "percent_statements_covered_display": "100"}, "missing_lines": [], "excluded_lines": []}, "ModelInfoResponse": {"executed_lines": [], "summary": {"covered_lines": 0, "num_statements": 0, "percent_covered": 100.0, "percent_covered_display": "100", "missing_lines": 0, "excluded_lines": 0, "percent_statements_covered": 100.0, "percent_statements_covered_display": "100"}, "missing_lines": [], "excluded_lines": []}, "LoadModelResponse": {"executed_lines": [], "summary": {"covered_lines": 0, "num_statements": 0, "percent_covered": 100.0, "percent_covered_display": "100", "missing_lines": 0, "excluded_lines": 0, "percent_statements_covered": 100.0, "percent_statements_covered_display": "100"}, "missing_lines": [], "excluded_lines": []}, "ConfigRequest": {"executed_lines": [], "summary": {"covered_lines": 0, "num_statements": 0, "percent_covered": 100.0, "percent_covered_display": "100", "missing_lines": 0, "excluded_lines": 0, "percent_statements_covered": 100.0, "percent_statements_covered_display": "100"}, "missing_lines": [], "excluded_lines": []}, "ConfigResponse": {"executed_lines": [], "summary": {"covered_lines": 0, "num_statements": 0, "percent_covered": 100.0, "percent_covered_display": "100", "missing_lines": 0, "excluded_lines": 0, "percent_statements_covered": 100.0, "percent_statements_covered_display": "100"}, "missing_lines": [], "excluded_lines": []}, "": {"executed_lines": [1, 3, 4, 7, 8, 9, 20, 21, 22, 25, 26, 27, 36, 37, 40, 41, 42, 63, 64, 65, 68, 69, 70, 89, 90, 91, 94, 95, 96, 119, 120, 121, 124, 125, 126, 145, 146, 147, 150, 151, 152, 164, 165, 166, 169, 170, 171, 179, 182, 183, 184, 196, 197, 198], "summary": {"covered_lines": 44, "num_statements": 44, "percent_covered": 100.0, "percent_covered_display": "100", "missing_lines": 0, "excluded_lines": 0, "percent_statements_covered": 100.0, "percent_statements_covered_display": "100"}, "missing_lines": [], "excluded_lines": []}}}, "src/auto_rca/config.py": {"executed_lines": [1, 3, 4, 7, 8, 11, 12, 13, 16, 17, 18, 19, 20, 21, 24, 25, 26, 27, 30, 31, 34, 35, 36, 37, 40, 41, 42, 44, 45, 46, 50], "summary": {"covered_lines": 29, "num_statements": 29, "percent_covered": 100.0, "percent_covered_display": "100", "missing_lines": 0, "excluded_lines": 0, "percent_statements_covered": 100.0, "percent_statements_covered_display": "100"}, "missing_lines": [], "excluded_lines": [], "functions": {"": {"executed_lines": [1, 3, 4, 7, 8, 11, 12, 13, 16, 17, 18, 19, 20, 21, 24, 25, 26, 27, 30, 31, 34, 35, 36, 37, 40, 41, 42, 44, 45, 46, 50], "summary": {"covered_lines": 29, "num_statements": 29, "percent_covered": 100.0, "percent_covered_display": "100", "missing_lines": 0, "excluded_lines": 0, "percent_statements_covered": 100.0, "percent_statements_covered_display": "100"}, "missing_lines": [], "excluded_lines": []}}, "classes": {"Settings": {"executed_lines": [], "summary": {"covered_lines": 0, "num_statements": 0, "percent_covered": 100.0, "percent_covered_display": "100", "missing_lines": 0, "excluded_lines": 0, "percent_statements_covered": 100.0, "percent_statements_covered_display": "100"}, "missing_lines": [], "excluded_lines": []}, "Settings.Config": {"executed_lines": [], "summary": {"covered_lines": 0, "num_statements": 0, "percent_covered": 100.0, "percent_covered_display": "100", "missing_lines": 0, "excluded_lines": 0, "percent_statements_covered": 100.0, "percent_statements_covered_display": "100"}, "missing_lines": [], "excluded_lines": []}, "": {"executed_lines": [1, 3, 4, 7, 8, 11, 12, 13, 16, 17, 18, 19, 20, 21, 24, 25, 26, 27, 30, 31, 34, 35, 36, 37, 40, 41, 42, 44, 45, 46, 50], "summary": {"covered_lines": 29, "num_statements": 29, "percent_covered": 100.0, "percent_covered_display": "100", "missing_lines": 0, "excluded_lines": 0, "percent_statements_covered": 100.0, "percent_statements_covered_display": "100"}, "missing_lines": [], "excluded_lines": []}}}, "src/auto_rca/database.py": {"executed_lines": [1, 3, 4, 5, 8, 16, 17, 19, 21, 22, 25, 30, 31, 33, 35, 43, 44, 47, 48, 52, 54, 55], "summary": {"covered_lines": 21, "num_statements": 21, "percent_covered": 100.0, "percent_covered_display": "100", "missing_lines": 0, "excluded_lines": 0, "percent_statements_covered": 100.0, "percent_statements_covered_display": "100"}, "missing_lines": [], "excluded_lines": [], "functions": {"get_connection": {"executed_lines": [16, 17, 19, 21, 22], "summary": {"covered_lines": 5, "num_statements": 5, "percent_covered": 100.0, "percent_covered_display": "100", "missing_lines": 0, "excluded_lines": 0, "percent_statements_covered": 100.0, "percent_statements_covered_display": "100"}, "missing_lines": [], "excluded_lines": []}, "init_db": {"executed_lines": [30, 31, 33, 35, 43, 44, 47, 48, 52, 54, 55], "summary": {"covered_lines": 11, "num_statements": 11, "percent_covered": 100.0, "percent_covered_display": "100", "missing_lines": 0, "excluded_lines": 0, "percent_statements_covered": 100.0, "percent_statements_covered_display": "100"}, "missing_lines": [], "excluded_lines": []}, "": {"executed_lines": [1, 3, 4, 5, 8, 25], "summary": {"covered_lines": 5, "num_statements": 5, "percent_covered": 100.0, "percent_covered_display": "100", "missing_lines": 0, "excluded_lines": 0, "percent_statements_covered": 100.0, "percent_statements_covered_display": "100"}, "missing_lines": [], "excluded_lines": []}}, "classes": {"": {"executed_lines": [1, 3, 4, 5, 8, 16, 17, 19, 21, 22, 25, 30, 31, 33, 35, 43, 44, 47, 48, 52, 54, 55], "summary": {"covered_lines": 21, "num_statements": 21, "percent_covered": 100.0, "percent_covered_display": "100", "missing_lines": 0, "excluded_lines": 0, "percent_statements_covered": 100.0, "percent_statements_covered_display": "100"}, "missing_lines": [], "excluded_lines": []}}}, "src/auto_rca/ingestion/__init__.py": {"executed_lines": [1, 3, 5], "summary": {"covered_lines": 2, "num_statements": 2, "percent_covered": 100.0, "percent_covered_display": "100", "missing_lines": 0, "excluded_lines": 0, "percent_statements_covered": 100.0, "percent_statements_covered_display": "100"}, "missing_lines": [], "excluded_lines": [], "functions": {"": {"executed_lines": [1, 3, 5], "summary": {"covered_lines": 2, "num_statements": 2, "percent_covered": 100.0, "percent_covered_display": "100", "missing_lines": 0, "excluded_lines": 0, "percent_statements_covered": 100.0, "percent_statements_covered_display": "100"}, "missing_lines": [], "excluded_lines": []}}, "classes": {"": {"executed_lines": [1, 3, 5], "summary": {"covered_lines": 2, "num_statements": 2, "percent_covered": 100.0, "percent_covered_display": "100", "missing_lines": 0, "excluded_lines": 0, "percent_statements_covered": 100.0, "percent_statements_covered_display": "100"}, "missing_lines": [], "excluded_lines": []}}}, "src/auto_rca/ingestion/log_reader.py": {"executed_lines": [1, 3, 4, 5, 6, 7, 10, 11, 13, 14, 16, 26, 28, 29, 31, 33, 34, 36, 37, 38, 39, 41, 43, 45, 46, 47, 48, 49, 50, 56, 58, 60, 61, 64, 65, 70, 71, 73, 74, 76, 78, 80, 81, 84, 87, 90, 91, 92, 94, 105, 106, 107, 109, 111], "summary": {"covered_lines": 52, "num_statements": 73, "percent_covered": 71.23287671232876, "percent_covered_display": "71", "missing_lines": 21, "excluded_lines": 0, "percent_statements_covered": 71.23287671232876, "percent_statements_covered_display": "71"}, "missing_lines": [67, 72, 93, 95, 96, 97, 98, 99, 102, 121, 123, 124, 126, 127, 128, 129, 130, 131, 132, 133, 135], "excluded_lines": [], "functions": {"LogReader.__init__": {"executed_lines": [14], "summary": {"covered_lines": 1, "num_statements": 1, "percent_covered": 100.0, "percent_covered_display": "100", "missing_lines": 0, "excluded_lines": 0, "percent_statements_covered": 100.0, "percent_statements_covered_display": "100"}, "missing_lines": [], "excluded_lines": []}, "LogReader.read_file": {"executed_lines": [26, 28, 29, 31, 33, 34, 36, 37, 38, 39, 41], "summary": {"covered_lines": 11, "num_statements": 11, "percent_covered": 100.0, "percent_covered_display": "100", "missing_lines": 0, "excluded_lines": 0, "percent_statements_covered": 100.0, "percent_statements_covered_display": "100"}, "missing_lines": [], "excluded_lines": []}, "LogReader._read_text": {"executed_lines": [45, 46, 47, 48, 49, 50, 56], "summary": {"covered_lines": 7, "num_statements": 7, "percent_covered": 100.0, "percent_covered_display": "100", "missing_lines": 0, "excluded_lines": 0, "percent_statements_covered": 100.0, "percent_statements_covered_display": "100"}, "missing_lines": [], "excluded_lines": []}, "LogReader._read_json": {"executed_lines": [60, 61, 64, 65, 70, 71, 73, 74, 76], "summary": {"covered_lines": 9, "num_statements": 11, "percent_covered": 81.81818181818181, "percent_covered_display": "82", "missing_lines": 2, "excluded_lines": 0, "percent_statements_covered": 81.81818181818181, "percent_statements_covered_display": "82"}, "missing_lines": [67, 72], "excluded_lines": []}, "LogReader._read_xml": {"executed_lines": [80, 81, 84, 87, 90, 91, 92, 94, 105, 106, 107, 109], "summary": {"covered_lines": 12, "num_statements": 19, "percent_covered": 63.1578947368421, "percent_covered_display": "63", "missing_lines": 7, "excluded_lines": 0, "percent_statements_covered": 63.1578947368421, "percent_statements_covered_display": "63"}, "missing_lines": [93, 95, 96, 97, 98, 99, 102], "excluded_lines": []}, "LogReader.read_directory": {"executed_lines": [], "summary": {"covered_lines": 0, "num_statements": 12, "percent_covered": 0.0, "percent_covered_display": "0", "missing_lines": 12, "excluded_lines": 0, "percent_statements_covered": 0.0, "percent_statements_covered_display": "0"}, "missing_lines": [121, 123, 124, 126, 127, 128, 129, 130, 131, 132, 133, 135], "excluded_lines": []}, "": {"executed_lines": [1, 3, 4, 5, 6, 7, 10, 11, 13, 16, 43, 58, 78, 111], "summary": {"covered_lines": 12, "num_statements": 12, "percent_covered": 100.0, "percent_covered_display": "100", "missing_lines": 0, "excluded_lines": 0, "percent_statements_covered": 100.0, "percent_statements_covered_display": "100"}, "missing_lines": [], "excluded_lines": []}}, "classes": {"LogReader": {"executed_lines": [14, 26, 28, 29, 31, 33, 34, 36, 37, 38, 39, 41, 45, 46, 47, 48, 49, 50, 56, 60, 61, 64, 65, 70, 71, 73, 74, 76, 80, 81, 84, 87, 90, 91, 92, 94, 105, 106, 107, 109], "summary": {"covered_lines": 40, "num_statements": 61, "percent_covered": 65.57377049180327, "percent_covered_display": "66", "missing_lines": 21, "excluded_lines": 0, "percent_statements_covered": 65.57377049180327, "percent_statements_covered_display": "66"}, "missing_lines": [67, 72, 93, 95, 96, 97, 98, 99, 102, 121, 123, 124, 126, 127, 128, 129, 130, 131, 132, 133, 135], "excluded_lines": []}, "": {"executed_lines": [1, 3, 4, 5, 6, 7, 10, 11, 13, 16, 43, 58, 78, 111], "summary": {"covered_lines": 12, "num_statements": 12, "percent_covered": 100.0, "percent_covered_display": "100", "missing_lines": 0, "excluded_lines": 0, "percent_statements_covered": 100.0, "percent_statements_covered_display": "100"}, "missing_lines": [], "excluded_lines": []}}}, "src/auto_rca/ml_analysis/__init__.py": {"executed_lines": [1, 3, 5], "summary": {"covered_lines": 2, "num_statements": 2, "percent_covered": 100.0, "percent_covered_display": "100", "missing_lines": 0, "excluded_lines": 0, "percent_statements_covered": 100.0, "percent_statements_covered_display": "100"}, "missing_lines": [], "excluded_lines": [], "functions": {"": {"executed_lines": [1, 3, 5], "summary": {"covered_lines": 2, "num_statements": 2, "percent_covered": 100.0, "percent_covered_display": "100", "missing_lines": 0, "excluded_lines": 0, "percent_statements_covered": 100.0, "percent_statements_covered_display": "100"}, "missing_lines": [], "excluded_lines": []}}, "classes": {"": {"executed_lines": [1, 3, 5], "summary": {"covered_lines": 2, "num_statements": 2, "percent_covered": 100.0, "percent_covered_display": "100", "missing_lines": 0, "excluded_lines": 0, "percent_statements_covered": 100.0, "percent_statements_covered_display": "100"}, "missing_lines": [], "excluded_lines": []}}}, "src/auto_rca/ml_analysis/lstm_analyzer.py": {"executed_lines": [1, 3, 4, 5, 6, 7, 8, 9, 12, 13, 15, 35, 36, 37, 38, 39, 40, 41, 42, 44, 70, 90, 101, 159, 174, 208, 261, 270, 274], "summary": {"covered_lines": 27, "num_statements": 88, "percent_covered": 30.681818181818183, "percent_covered_display": "31", "missing_lines": 61, "excluded_lines": 0, "percent_statements_covered": 30.681818181818183, "percent_statements_covered_display": "31"}, "missing_lines": [46, 67, 68, 72, 74, 76, 78, 88, 92, 93, 95, 126, 127, 130, 131, 132, 133, 136, 146, 157, 169, 170, 172, 185, 186, 189, 192, 193, 194, 195, 196, 197, 199, 201, 224, 225, 227, 228, 229, 238, 239, 241, 242, 243, 245, 246, 249, 250, 252, 263, 264, 266, 267, 268, 272, 276, 277, 279, 280, 281, 282], "excluded_lines": [], "functions": {"LSTMAnalyzer.__init__": {"executed_lines": [35, 36, 37, 38, 39, 40, 41, 42], "summary": {"covered_lines": 8, "num_statements": 8, "percent_covered": 100.0, "percent_covered_display": "100", "missing_lines": 0, "excluded_lines": 0, "percent_statements_covered": 100.0, "percent_statements_covered_display": "100"}, "missing_lines": [], "excluded_lines": []}, "LSTMAnalyzer.build_model": {"executed_lines": [], "summary": {"covered_lines": 0, "num_statements": 3, "percent_covered": 0.0, "percent_covered_display": "0", "missing_lines": 3, "excluded_lines": 0, "percent_statements_covered": 0.0, "percent_statements_covered_display": "0"}, "missing_lines": [46, 67, 68], "excluded_lines": []}, "LSTMAnalyzer._create_lstm_layers": {"executed_lines": [], "summary": {"covered_lines": 0, "num_statements": 5, "percent_covered": 0.0, "percent_covered_display": "0", "missing_lines": 5, "excluded_lines": 0, "percent_statements_covered": 0.0, "percent_statements_covered_display": "0"}, "missing_lines": [72, 74, 76, 78, 88], "excluded_lines": []}, "LSTMAnalyzer.compile_model": {"executed_lines": [], "summary": {"covered_lines": 0, "num_statements": 3, "percent_covered": 0.0, "percent_covered_display": "0", "missing_lines": 3, "excluded_lines": 0, "percent_statements_covered": 0.0, "percent_statements_covered_display": "0"}, "missing_lines": [92, 93, 95], "excluded_lines": []}, "LSTMAnalyzer.train": {"executed_lines": [], "summary": {"covered_lines": 0, "num_statements": 9, "percent_covered": 0.0, "percent_covered_display": "0", "missing_lines": 9, "excluded_lines": 0, "percent_statements_covered": 0.0, "percent_statements_covered_display": "0"}, "missing_lines": [126, 127, 130, 131, 132, 133, 136, 146, 157], "excluded_lines": []}, "LSTMAnalyzer.predict": {"executed_lines": [], "summary": {"covered_lines": 0, "num_statements": 3, "percent_covered": 0.0, "percent_covered_display": "0", "missing_lines": 3, "excluded_lines": 0, "percent_statements_covered": 0.0, "percent_statements_covered_display": "0"}, "missing_lines": [169, 170, 172], "excluded_lines": []}, "LSTMAnalyzer.analyze_session": {"executed_lines": [], "summary": {"covered_lines": 0, "num_statements": 11, "percent_covered": 0.0, "percent_covered_display": "0", "missing_lines": 11, "excluded_lines": 0, "percent_statements_covered": 0.0, "percent_statements_covered_display": "0"}, "missing_lines": [185, 186, 189, 192, 193, 194, 195, 196, 197, 199, 201], "excluded_lines": []}, "LSTMAnalyzer.analyze_root_causes": {"executed_lines": [], "summary": {"covered_lines": 0, "num_statements": 15, "percent_covered": 0.0, "percent_covered_display": "0", "missing_lines": 15, "excluded_lines": 0, "percent_statements_covered": 0.0, "percent_statements_covered_display": "0"}, "missing_lines": [224, 225, 227, 228, 229, 238, 239, 241, 242, 243, 245, 246, 249, 250, 252], "excluded_lines": []}, "LSTMAnalyzer.save_model": {"executed_lines": [], "summary": {"covered_lines": 0, "num_statements": 5, "percent_covered": 0.0, "percent_covered_display": "0", "missing_lines": 5, "excluded_lines": 0, "percent_statements_covered": 0.0, "percent_statements_covered_display": "0"}, "missing_lines": [263, 264, 266, 267, 268], "excluded_lines": []}, "LSTMAnalyzer.load_model": {"executed_lines": [], "summary": {"covered_lines": 0, "num_statements": 1, "percent_covered": 0.0, "percent_covered_display": "0", "missing_lines": 1, "excluded_lines": 0, "percent_statements_covered": 0.0, "percent_statements_covered_display": "0"}, "missing_lines": [272], "excluded_lines": []}, "LSTMAnalyzer.get_model_summary": {"executed_lines": [], "summary": {"covered_lines": 0, "num_statements": 6, "percent_covered": 0.0, "percent_covered_display": "0", "missing_lines": 6, "excluded_lines": 0, "percent_statements_covered": 0.0, "percent_statements_covered_display": "0"}, "missing_lines": [276, 277, 279, 280, 281, 282], "excluded_lines": []}, "": {"executed_lines": [1, 3, 4, 5, 6, 7, 8, 9, 12, 13, 15, 44, 70, 90, 101, 159, 174, 208, 261, 270, 274], "summary": {"covered_lines": 19, "num_statements": 19, "percent_covered": 100.0, "percent_covered_display": "100", "missing_lines": 0, "excluded_lines": 0, "percent_statements_covered": 100.0, "percent_statements_covered_display": "100"}, "missing_lines": [], "excluded_lines": []}}, "classes": {"LSTMAnalyzer": {"executed_lines": [35, 36, 37, 38, 39, 40, 41, 42], "summary": {"covered_lines": 8, "num_statements": 69, "percent_covered": 11.594202898550725, "percent_covered_display": "12", "missing_lines": 61, "excluded_lines": 0, "percent_statements_covered": 11.594202898550725, "percent_statements_covered_display": "12"}, "missing_lines": [46, 67, 68, 72, 74, 76, 78, 88, 92, 93, 95, 126, 127, 130, 131, 132, 133, 136, 146, 157, 169, 170, 172, 185, 186, 189, 192, 193, 194, 195, 196, 197, 199, 201, 224, 225, 227, 228, 229, 238, 239, 241, 242, 243, 245, 246, 249, 250, 252, 263, 264, 266, 267, 268, 272, 276, 277, 279, 280, 281, 282], "excluded_lines": []}, "": {"executed_lines": [1, 3, 4, 5, 6, 7, 8, 9, 12, 13, 15, 44, 70, 90, 101, 159, 174, 208, 261, 270, 274], "summary": {"covered_lines": 19, "num_statements": 19, "percent_covered": 100.0, "percent_covered_display": "100", "missing_lines": 0, "excluded_lines": 0, "percent_statements_covered": 100.0, "percent_statements_covered_display": "100"}, "missing_lines": [], "excluded_lines": []}}}, "src/auto_rca/parsing/__init__.py": {"executed_lines": [1, 3, 5], "summary": {"covered_lines": 2, "num_statements": 2, "percent_covered": 100.0, "percent_covered_display": "100", "missing_lines": 0, "excluded_lines": 0, "percent_statements_covered": 100.0, "percent_statements_covered_display": "100"}, "missing_lines": [], "excluded_lines": [], "functions": {"": {"executed_lines": [1, 3, 5], "summary": {"covered_lines": 2, "num_statements": 2, "percent_covered": 100.0, "percent_covered_display": "100", "missing_lines": 0, "excluded_lines": 0, "percent_statements_covered": 100.0, "percent_statements_covered_display": "100"}, "missing_lines": [], "excluded_lines": []}}, "classes": {"": {"executed_lines": [1, 3, 5], "summary": {"covered_lines": 2, "num_statements": 2, "percent_covered": 100.0, "percent_covered_display": "100", "missing_lines": 0, "excluded_lines": 0, "percent_statements_covered": 100.0, "percent_statements_covered_display": "100"}, "missing_lines": [], "excluded_lines": []}}}, "src/auto_rca/parsing/log_parser.py": {"executed_lines": [1, 3, 4, 5, 6, 9, 10, 13, 29, 31, 32, 33, 35, 38, 40, 50, 66, 67, 68, 71, 74, 75, 76, 77, 78, 79, 82, 84, 86, 89, 90, 91, 93, 94, 95, 97, 98, 99, 102, 103, 105, 106, 108, 111, 114, 115, 116, 121, 135, 137, 138, 140, 141, 142, 143, 144, 145, 146, 150, 152, 154, 155, 156, 160, 162, 163, 165, 166, 167, 168, 170, 173, 174, 175, 176, 179, 180, 181, 185, 186, 187, 191, 192, 193, 196, 199, 200, 201, 202, 205, 206, 207, 208, 210, 212, 213, 214, 215, 217, 227], "summary": {"covered_lines": 98, "num_statements": 116, "percent_covered": 84.48275862068965, "percent_covered_display": "84", "missing_lines": 18, "excluded_lines": 0, "percent_statements_covered": 84.48275862068965, "percent_statements_covered_display": "84"}, "missing_lines": [69, 109, 112, 119, 124, 125, 127, 128, 130, 131, 133, 147, 148, 157, 158, 182, 188, 194], "excluded_lines": [], "functions": {"LogParser.__init__": {"executed_lines": [31, 32, 33, 35, 38], "summary": {"covered_lines": 5, "num_statements": 5, "percent_covered": 100.0, "percent_covered_display": "100", "missing_lines": 0, "excluded_lines": 0, "percent_statements_covered": 100.0, "percent_statements_covered_display": "100"}, "missing_lines": [], "excluded_lines": []}, "LogParser.parse_log": {"executed_lines": [50, 66, 67, 68, 71, 74, 75, 76, 77, 78, 79, 82, 84], "summary": {"covered_lines": 13, "num_statements": 14, "percent_covered": 92.85714285714286, "percent_covered_display": "93", "missing_lines": 1, "excluded_lines": 0, "percent_statements_covered": 92.85714285714286, "percent_statements_covered_display": "93"}, "missing_lines": [69], "excluded_lines": []}, "LogParser._extract_json_fields": {"executed_lines": [89, 90, 91, 93, 94, 95, 97, 98, 99, 102, 103, 105, 106, 108, 111, 114, 115, 116], "summary": {"covered_lines": 18, "num_statements": 21, "percent_covered": 85.71428571428571, "percent_covered_display": "86", "missing_lines": 3, "excluded_lines": 0, "percent_statements_covered": 85.71428571428571, "percent_statements_covered_display": "86"}, "missing_lines": [109, 112, 119], "excluded_lines": []}, "LogParser._extract_xml_fields": {"executed_lines": [], "summary": {"covered_lines": 0, "num_statements": 7, "percent_covered": 0.0, "percent_covered_display": "0", "missing_lines": 7, "excluded_lines": 0, "percent_statements_covered": 0.0, "percent_statements_covered_display": "0"}, "missing_lines": [124, 125, 127, 128, 130, 131, 133], "excluded_lines": []}, "LogParser._extract_timestamp": {"executed_lines": [137, 138, 140, 141, 142, 143, 144, 145, 146], "summary": {"covered_lines": 9, "num_statements": 11, "percent_covered": 81.81818181818181, "percent_covered_display": "82", "missing_lines": 2, "excluded_lines": 0, "percent_statements_covered": 81.81818181818181, "percent_statements_covered_display": "82"}, "missing_lines": [147, 148], "excluded_lines": []}, "LogParser._parse_timestamp": {"executed_lines": [152, 154, 155, 156], "summary": {"covered_lines": 4, "num_statements": 6, "percent_covered": 66.66666666666667, "percent_covered_display": "67", "missing_lines": 2, "excluded_lines": 0, "percent_statements_covered": 66.66666666666667, "percent_statements_covered_display": "67"}, "missing_lines": [157, 158], "excluded_lines": []}, "LogParser._extract_log_level": {"executed_lines": [162, 163, 165, 166, 167, 168], "summary": {"covered_lines": 6, "num_statements": 6, "percent_covered": 100.0, "percent_covered_display": "100", "missing_lines": 0, "excluded_lines": 0, "percent_statements_covered": 100.0, "percent_statements_covered_display": "100"}, "missing_lines": [], "excluded_lines": []}, "LogParser._extract_identifiers": {"executed_lines": [173, 174, 175, 176, 179, 180, 181, 185, 186, 187, 191, 192, 193], "summary": {"covered_lines": 13, "num_statements": 16, "percent_covered": 81.25, "percent_covered_display": "81", "missing_lines": 3, "excluded_lines": 0, "percent_statements_covered": 81.25, "percent_statements_covered_display": "81"}, "missing_lines": [182, 188, 194], "excluded_lines": []}, "LogParser._extract_http_info": {"executed_lines": [199, 200, 201, 202, 205, 206, 207, 208], "summary": {"covered_lines": 8, "num_statements": 8, "percent_covered": 100.0, "percent_covered_display": "100", "missing_lines": 0, "excluded_lines": 0, "percent_statements_covered": 100.0, "percent_statements_covered_display": "100"}, "missing_lines": [], "excluded_lines": []}, "LogParser._extract_exception": {"executed_lines": [212, 213, 214, 215], "summary": {"covered_lines": 4, "num_statements": 4, "percent_covered": 100.0, "percent_covered_display": "100", "missing_lines": 0, "excluded_lines": 0, "percent_statements_covered": 100.0, "percent_statements_covered_display": "100"}, "missing_lines": [], "excluded_lines": []}, "LogParser.parse_logs": {"executed_lines": [227], "summary": {"covered_lines": 1, "num_statements": 1, "percent_covered": 100.0, "percent_covered_display": "100", "missing_lines": 0, "excluded_lines": 0, "percent_statements_covered": 100.0, "percent_statements_covered_display": "100"}, "missing_lines": [], "excluded_lines": []}, "": {"executed_lines": [1, 3, 4, 5, 6, 9, 10, 13, 29, 40, 86, 121, 135, 150, 160, 170, 196, 210, 217], "summary": {"covered_lines": 17, "num_statements": 17, "percent_covered": 100.0, "percent_covered_display": "100", "missing_lines": 0, "excluded_lines": 0, "percent_statements_covered": 100.0, "percent_statements_covered_display": "100"}, "missing_lines": [], "excluded_lines": []}}, "classes": {"LogParser": {"executed_lines": [31, 32, 33, 35, 38, 50, 66, 67, 68, 71, 74, 75, 76, 77, 78, 79, 82, 84, 89, 90, 91, 93, 94, 95, 97, 98, 99, 102, 103, 105, 106, 108, 111, 114, 115, 116, 137, 138, 140, 141, 142, 143, 144, 145, 146, 152, 154, 155, 156, 162, 163, 165, 166, 167, 168, 173, 174, 175, 176, 179, 180, 181, 185, 186, 187, 191, 192, 193, 199, 200, 201, 202, 205, 206, 207, 208, 212, 213, 214, 215, 227], "summary": {"covered_lines": 81, "num_statements": 99, "percent_covered": 81.81818181818181, "percent_covered_display": "82", "missing_lines": 18, "excluded_lines": 0, "percent_statements_covered": 81.81818181818181, "percent_statements_covered_display": "82"}, "missing_lines": [69, 109, 112, 119, 124, 125, 127, 128, 130, 131, 133, 147, 148, 157, 158, 182, 188, 194], "excluded_lines": []}, "": {"executed_lines": [1, 3, 4, 5, 6, 9, 10, 13, 29, 40, 86, 121, 135, 150, 160, 170, 196, 210, 217], "summary": {"covered_lines": 17, "num_statements": 17, "percent_covered": 100.0, "percent_covered_display": "100", "missing_lines": 0, "excluded_lines": 0, "percent_statements_covered": 100.0, "percent_statements_covered_display": "100"}, "missing_lines": [], "excluded_lines": []}}}, "src/auto_rca/pipeline.py": {"executed_lines": [1, 3, 4, 5, 7, 8, 9, 10, 11, 12, 15, 16, 18, 26, 27, 28, 31, 35, 44, 46, 82, 135, 193, 220], "summary": {"covered_lines": 22, "num_statements": 72, "percent_covered": 30.555555555555557, "percent_covered_display": "31", "missing_lines": 50, "excluded_lines": 0, "percent_statements_covered": 30.555555555555557, "percent_statements_covered_display": "31"}, "missing_lines": [62, 63, 65, 68, 71, 72, 74, 102, 103, 106, 107, 108, 110, 117, 120, 125, 126, 127, 129, 150, 151, 154, 155, 157, 158, 166, 169, 170, 173, 174, 175, 178, 187, 203, 204, 205, 208, 209, 212, 213, 215, 227, 228, 231, 232, 233, 236, 237, 238, 239], "excluded_lines": [], "functions": {"RCAPipeline.__init__": {"executed_lines": [26, 27, 28, 31, 35, 44], "summary": {"covered_lines": 6, "num_statements": 6, "percent_covered": 100.0, "percent_covered_display": "100", "missing_lines": 0, "excluded_lines": 0, "percent_statements_covered": 100.0, "percent_statements_covered_display": "100"}, "missing_lines": [], "excluded_lines": []}, "RCAPipeline.process_logs": {"executed_lines": [], "summary": {"covered_lines": 0, "num_statements": 7, "percent_covered": 0.0, "percent_covered_display": "0", "missing_lines": 7, "excluded_lines": 0, "percent_statements_covered": 0.0, "percent_statements_covered_display": "0"}, "missing_lines": [62, 63, 65, 68, 71, 72, 74], "excluded_lines": []}, "RCAPipeline.train_model": {"executed_lines": [], "summary": {"covered_lines": 0, "num_statements": 12, "percent_covered": 0.0, "percent_covered_display": "0", "missing_lines": 12, "excluded_lines": 0, "percent_statements_covered": 0.0, "percent_statements_covered_display": "0"}, "missing_lines": [102, 103, 106, 107, 108, 110, 117, 120, 125, 126, 127, 129], "excluded_lines": []}, "RCAPipeline.analyze_logs": {"executed_lines": [], "summary": {"covered_lines": 0, "num_statements": 14, "percent_covered": 0.0, "percent_covered_display": "0", "missing_lines": 14, "excluded_lines": 0, "percent_statements_covered": 0.0, "percent_statements_covered_display": "0"}, "missing_lines": [150, 151, 154, 155, 157, 158, 166, 169, 170, 173, 174, 175, 178, 187], "excluded_lines": []}, "RCAPipeline.save_models": {"executed_lines": [], "summary": {"covered_lines": 0, "num_statements": 8, "percent_covered": 0.0, "percent_covered_display": "0", "missing_lines": 8, "excluded_lines": 0, "percent_statements_covered": 0.0, "percent_statements_covered_display": "0"}, "missing_lines": [203, 204, 205, 208, 209, 212, 213, 215], "excluded_lines": []}, "RCAPipeline.load_models": {"executed_lines": [], "summary": {"covered_lines": 0, "num_statements": 9, "percent_covered": 0.0, "percent_covered_display": "0", "missing_lines": 9, "excluded_lines": 0, "percent_statements_covered": 0.0, "percent_statements_covered_display": "0"}, "missing_lines": [227, 228, 231, 232, 233, 236, 237, 238, 239], "excluded_lines": []}, "": {"executed_lines": [1, 3, 4, 5, 7, 8, 9, 10, 11, 12, 15, 16, 18, 46, 82, 135, 193, 220], "summary": {"covered_lines": 16, "num_statements": 16, "percent_covered": 100.0, "percent_covered_display": "100", "missing_lines": 0, "excluded_lines": 0, "percent_statements_covered": 100.0, "percent_statements_covered_display": "100"}, "missing_lines": [], "excluded_lines": []}}, "classes": {"RCAPipeline": {"executed_lines": [26, 27, 28, 31, 35, 44], "summary": {"covered_lines": 6, "num_statements": 56, "percent_covered": 10.714285714285714, "percent_covered_display": "11", "missing_lines": 50, "excluded_lines": 0, "percent_statements_covered": 10.714285714285714, "percent_statements_covered_display": "11"}, "missing_lines": [62, 63, 65, 68, 71, 72, 74, 102, 103, 106, 107, 108, 110, 117, 120, 125, 126, 127, 129, 150, 151, 154, 155, 157, 158, 166, 169, 170, 173, 174, 175, 178, 187, 203, 204, 205, 208, 209, 212, 213, 215, 227, 228, 231, 232, 233, 236, 237, 238, 239], "excluded_lines": []}, "": {"executed_lines": [1, 3, 4, 5, 7, 8, 9, 10, 11, 12, 15, 16, 18, 46, 82, 135, 193, 220], "summary": {"covered_lines": 16, "num_statements": 16, "percent_covered": 100.0, "percent_covered_display": "100", "missing_lines": 0, "excluded_lines": 0, "percent_statements_covered": 100.0, "percent_statements_covered_display": "100"}, "missing_lines": [], "excluded_lines": []}}}, "src/auto_rca/repositories/__init__.py": {"executed_lines": [1, 3, 5], "summary": {"covered_lines": 2, "num_statements": 2, "percent_covered": 100.0, "percent_covered_display": "100", "missing_lines": 0, "excluded_lines": 0, "percent_statements_covered": 100.0, "percent_statements_covered_display": "100"}, "missing_lines": [], "excluded_lines": [], "functions": {"": {"executed_lines": [1, 3, 5], "summary": {"covered_lines": 2, "num_statements": 2, "percent_covered": 100.0, "percent_covered_display": "100", "missing_lines": 0, "excluded_lines": 0, "percent_statements_covered": 100.0, "percent_statements_covered_display": "100"}, "missing_lines": [], "excluded_lines": []}}, "classes": {"": {"executed_lines": [1, 3, 5], "summary": {"covered_lines": 2, "num_statements": 2, "percent_covered": 100.0, "percent_covered_display": "100", "missing_lines": 0, "excluded_lines": 0, "percent_statements_covered": 100.0, "percent_statements_covered_display": "100"}, "missing_lines": [], "excluded_lines": []}}}, "src/auto_rca/repositories/config_repository.py": {"executed_lines": [1, 3, 6, 13, 14, 16, 17, 18, 20, 21, 24, 26, 27, 30, 37, 38, 40, 42, 46, 48, 49], "summary": {"covered_lines": 20, "num_statements": 20, "percent_covered": 100.0, "percent_covered_display": "100", "missing_lines": 0, "excluded_lines": 0, "percent_statements_covered": 100.0, "percent_statements_covered_display": "100"}, "missing_lines": [], "excluded_lines": [], "functions": {"get_session_field": {"executed_lines": [13, 14, 16, 17, 18, 20, 21, 24, 26, 27], "summary": {"covered_lines": 10, "num_statements": 10, "percent_covered": 100.0, "percent_covered_display": "100", "missing_lines": 0, "excluded_lines": 0, "percent_statements_covered": 100.0, "percent_statements_covered_display": "100"}, "missing_lines": [], "excluded_lines": []}, "set_session_field": {"executed_lines": [37, 38, 40, 42, 46, 48, 49], "summary": {"covered_lines": 7, "num_statements": 7, "percent_covered": 100.0, "percent_covered_display": "100", "missing_lines": 0, "excluded_lines": 0, "percent_statements_covered": 100.0, "percent_statements_covered_display": "100"}, "missing_lines": [], "excluded_lines": []}, "": {"executed_lines": [1, 3, 6, 30], "summary": {"covered_lines": 3, "num_statements": 3, "percent_covered": 100.0, "percent_covered_display": "100", "missing_lines": 0, "excluded_lines": 0, "percent_statements_covered": 100.0, "percent_statements_covered_display": "100"}, "missing_lines": [], "excluded_lines": []}}, "classes": {"": {"executed_lines": [1, 3, 6, 13, 14, 16, 17, 18, 20, 21, 24, 26, 27, 30, 37, 38, 40, 42, 46, 48, 49], "summary": {"covered_lines": 20, "num_statements": 20, "percent_covered": 100.0, "percent_covered_display": "100", "missing_lines": 0, "excluded_lines": 0, "percent_statements_covered": 100.0, "percent_statements_covered_display": "100"}, "missing_lines": [], "excluded_lines": []}}}, "src/auto_rca/sessionization/__init__.py": {"executed_lines": [1, 3, 5], "summary": {"covered_lines": 2, "num_statements": 2, "percent_covered": 100.0, "percent_covered_display": "100", "missing_lines": 0, "excluded_lines": 0, "percent_statements_covered": 100.0, "percent_statements_covered_display": "100"}, "missing_lines": [], "excluded_lines": [], "functions": {"": {"executed_lines": [1, 3, 5], "summary": {"covered_lines": 2, "num_statements": 2, "percent_covered": 100.0, "percent_covered_display": "100", "missing_lines": 0, "excluded_lines": 0, "percent_statements_covered": 100.0, "percent_statements_covered_display": "100"}, "missing_lines": [], "excluded_lines": []}}, "classes": {"": {"executed_lines": [1, 3, 5], "summary": {"covered_lines": 2, "num_statements": 2, "percent_covered": 100.0, "percent_covered_display": "100", "missing_lines": 0, "excluded_lines": 0, "percent_statements_covered": 100.0, "percent_statements_covered_display": "100"}, "missing_lines": [], "excluded_lines": []}}}, "src/auto_rca/sessionization/session_grouper.py": {"executed_lines": [1, 3, 4, 5, 7, 10, 11, 13, 20, 22, 32, 36, 42, 45, 46, 47, 48, 49, 50, 52, 54, 56, 59, 60, 61, 63, 65, 68, 76, 78, 80, 82, 85, 86, 88, 89, 90, 92, 94, 96, 97, 100, 103, 104, 106, 108, 110, 114, 115, 118, 119, 120, 123, 124, 125, 126, 129, 136, 143, 144, 146, 161, 163, 165, 167, 169, 172, 174, 175, 177, 178, 180, 181, 183, 185, 195, 203, 204, 205, 207], "summary": {"covered_lines": 78, "num_statements": 83, "percent_covered": 93.97590361445783, "percent_covered_display": "94", "missing_lines": 5, "excluded_lines": 0, "percent_statements_covered": 93.97590361445783, "percent_statements_covered_display": "94"}, "missing_lines": [33, 83, 111, 170, 196], "excluded_lines": [], "functions": {"SessionGrouper.__init__": {"executed_lines": [20], "summary": {"covered_lines": 1, "num_statements": 1, "percent_covered": 100.0, "percent_covered_display": "100", "missing_lines": 0, "excluded_lines": 0, "percent_statements_covered": 100.0, "percent_statements_covered_display": "100"}, "missing_lines": [], "excluded_lines": []}, "SessionGrouper.group_by_session": {"executed_lines": [32, 36, 42, 45, 46, 47, 48, 49, 50, 52], "summary": {"covered_lines": 10, "num_statements": 11, "percent_covered": 90.9090909090909, "percent_covered_display": "91", "missing_lines": 1, "excluded_lines": 0, "percent_statements_covered": 90.9090909090909, "percent_statements_covered_display": "91"}, "missing_lines": [33], "excluded_lines": []}, "SessionGrouper._group_by_identifier": {"executed_lines": [56, 59, 60, 61, 63, 65, 68, 76, 78], "summary": {"covered_lines": 9, "num_statements": 9, "percent_covered": 100.0, "percent_covered_display": "100", "missing_lines": 0, "excluded_lines": 0, "percent_statements_covered": 100.0, "percent_statements_covered_display": "100"}, "missing_lines": [], "excluded_lines": []}, "SessionGrouper._split_by_time_gap": {"executed_lines": [82, 85, 86, 88, 89, 90, 92, 94, 96, 97, 100, 103, 104, 106], "summary": {"covered_lines": 14, "num_statements": 15, "percent_covered": 93.33333333333333, "percent_covered_display": "93", "missing_lines": 1, "excluded_lines": 0, "percent_statements_covered": 93.33333333333333, "percent_statements_covered_display": "93"}, "missing_lines": [83], "excluded_lines": []}, "SessionGrouper._create_session": {"executed_lines": [110, 114, 115, 118, 119, 120, 123, 124, 125, 126, 129, 136, 143, 144, 146], "summary": {"covered_lines": 15, "num_statements": 16, "percent_covered": 93.75, "percent_covered_display": "94", "missing_lines": 1, "excluded_lines": 0, "percent_statements_covered": 93.75, "percent_statements_covered_display": "94"}, "missing_lines": [111], "excluded_lines": []}, "SessionGrouper._extract_user_journey": {"executed_lines": [163, 165, 167, 169, 172, 174, 175, 177, 178, 180, 181, 183], "summary": {"covered_lines": 12, "num_statements": 13, "percent_covered": 92.3076923076923, "percent_covered_display": "92", "missing_lines": 1, "excluded_lines": 0, "percent_statements_covered": 92.3076923076923, "percent_statements_covered_display": "92"}, "missing_lines": [170], "excluded_lines": []}, "SessionGrouper.analyze_sessions": {"executed_lines": [195, 203, 204, 205, 207], "summary": {"covered_lines": 5, "num_statements": 6, "percent_covered": 83.33333333333333, "percent_covered_display": "83", "missing_lines": 1, "excluded_lines": 0, "percent_statements_covered": 83.33333333333333, "percent_statements_covered_display": "83"}, "missing_lines": [196], "excluded_lines": []}, "": {"executed_lines": [1, 3, 4, 5, 7, 10, 11, 13, 22, 54, 80, 108, 161, 185], "summary": {"covered_lines": 12, "num_statements": 12, "percent_covered": 100.0, "percent_covered_display": "100", "missing_lines": 0, "excluded_lines": 0, "percent_statements_covered": 100.0, "percent_statements_covered_display": "100"}, "missing_lines": [], "excluded_lines": []}}, "classes": {"SessionGrouper": {"executed_lines": [20, 32, 36, 42, 45, 46, 47, 48, 49, 50, 52, 56, 59, 60, 61, 63, 65, 68, 76, 78, 82, 85, 86, 88, 89, 90, 92, 94, 96, 97, 100, 103, 104, 106, 110, 114, 115, 118, 119, 120, 123, 124, 125, 126, 129, 136, 143, 144, 146, 163, 165, 167, 169, 172, 174, 175, 177, 178, 180, 181, 183, 195, 203, 204, 205, 207], "summary": {"covered_lines": 66, "num_statements": 71, "percent_covered": 92.95774647887323, "percent_covered_display": "93", "missing_lines": 5, "excluded_lines": 0, "percent_statements_covered": 92.95774647887323, "percent_statements_covered_display": "93"}, "missing_lines": [33, 83, 111, 170, 196], "excluded_lines": []}, "": {"executed_lines": [1, 3, 4, 5, 7, 10, 11, 13, 22, 54, 80, 108, 161, 185], "summary": {"covered_lines": 12, "num_statements": 12, "percent_covered": 100.0, "percent_covered_display": "100", "missing_lines": 0, "excluded_lines": 0, "percent_statements_covered": 100.0, "percent_statements_covered_display": "100"}, "missing_lines": [], "excluded_lines": []}}}, "src/auto_rca/utils/__init__.py": {"executed_lines": [], "summary": {"covered_lines": 0, "num_statements": 2, "percent_covered": 0.0, "percent_covered_display": "0", "missing_lines": 2, "excluded_lines": 0, "percent_statements_covered": 0.0, "percent_statements_covered_display": "0"}, "missing_lines": [3, 5], "excluded_lines": [], "functions": {"": {"executed_lines": [], "summary": {"covered_lines": 0, "num_statements": 2, "percent_covered": 0.0, "percent_covered_display": "0", "missing_lines": 2, "excluded_lines": 0, "percent_statements_covered": 0.0, "percent_statements_covered_display": "0"}, "missing_lines": [3, 5], "excluded_lines": []}}, "classes": {"": {"executed_lines": [], "summary": {"covered_lines": 0, "num_statements": 2, "percent_covered": 0.0, "percent_covered_display": "0", "missing_lines": 2, "excluded_lines": 0, "percent_statements_covered": 0.0, "percent_statements_covered_display": "0"}, "missing_lines": [3, 5], "excluded_lines": []}}}, "src/auto_rca/utils/synthetic_data.py": {"executed_lines": [], "summary": {"covered_lines": 0, "num_statements": 91, "percent_covered": 0.0, "percent_covered_display": "0", "missing_lines": 91, "excluded_lines": 2, "percent_statements_covered": 0.0, "percent_statements_covered_display": "0"}, "missing_lines": [3, 4, 5, 6, 7, 10, 13, 14, 15, 16, 17, 21, 29, 42, 57, 58, 60, 61, 64, 66, 67, 68, 70, 71, 74, 75, 77, 79, 94, 95, 97, 98, 100, 101, 104, 106, 114, 115, 116, 117, 118, 119, 121, 122, 123, 124, 125, 127, 129, 131, 146, 147, 149, 150, 152, 153, 156, 158, 159, 160, 161, 163, 164, 165, 167, 180, 182, 183, 185, 202, 203, 206, 207, 208, 209, 212, 213, 214, 215, 218, 219, 220, 221, 223, 230, 232, 235, 236, 242, 243, 244], "excluded_lines": [247, 248], "functions": {"SyntheticLogGenerator.__init__": {"executed_lines": [], "summary": {"covered_lines": 0, "num_statements": 6, "percent_covered": 0.0, "percent_covered_display": "0", "missing_lines": 6, "excluded_lines": 0, "percent_statements_covered": 0.0, "percent_statements_covered_display": "0"}, "missing_lines": [14, 15, 16, 17, 21, 29], "excluded_lines": []}, "SyntheticLogGenerator.generate_text_logs": {"executed_lines": [], "summary": {"covered_lines": 0, "num_statements": 13, "percent_covered": 0.0, "percent_covered_display": "0", "missing_lines": 13, "excluded_lines": 0, "percent_statements_covered": 0.0, "percent_statements_covered_display": "0"}, "missing_lines": [57, 58, 60, 61, 64, 66, 67, 68, 70, 71, 74, 75, 77], "excluded_lines": []}, "SyntheticLogGenerator.generate_json_logs": {"executed_lines": [], "summary": {"covered_lines": 0, "num_statements": 21, "percent_covered": 0.0, "percent_covered_display": "0", "missing_lines": 21, "excluded_lines": 0, "percent_statements_covered": 0.0, "percent_statements_covered_display": "0"}, "missing_lines": [94, 95, 97, 98, 100, 101, 104, 106, 114, 115, 116, 117, 118, 119, 121, 122, 123, 124, 125, 127, 129], "excluded_lines": []}, "SyntheticLogGenerator.generate_xml_logs": {"executed_lines": [], "summary": {"covered_lines": 0, "num_statements": 18, "percent_covered": 0.0, "percent_covered_display": "0", "missing_lines": 18, "excluded_lines": 0, "percent_statements_covered": 0.0, "percent_statements_covered_display": "0"}, "missing_lines": [146, 147, 149, 150, 152, 153, 156, 158, 159, 160, 161, 163, 164, 165, 167, 180, 182, 183], "excluded_lines": []}, "SyntheticLogGenerator.save_logs": {"executed_lines": [], "summary": {"covered_lines": 0, "num_statements": 15, "percent_covered": 0.0, "percent_covered_display": "0", "missing_lines": 15, "excluded_lines": 0, "percent_statements_covered": 0.0, "percent_statements_covered_display": "0"}, "missing_lines": [202, 203, 206, 207, 208, 209, 212, 213, 214, 215, 218, 219, 220, 221, 223], "excluded_lines": []}, "main": {"executed_lines": [], "summary": {"covered_lines": 0, "num_statements": 6, "percent_covered": 0.0, "percent_covered_display": "0", "missing_lines": 6, "excluded_lines": 0, "percent_statements_covered": 0.0, "percent_statements_covered_display": "0"}, "missing_lines": [232, 235, 236, 242, 243, 244], "excluded_lines": []}, "": {"executed_lines": [], "summary": {"covered_lines": 0, "num_statements": 12, "percent_covered": 0.0, "percent_covered_display": "0", "missing_lines": 12, "excluded_lines": 2, "percent_statements_covered": 0.0, "percent_statements_covered_display": "0"}, "missing_lines": [3, 4, 5, 6, 7, 10, 13, 42, 79, 131, 185, 230], "excluded_lines": [247, 248]}}, "classes": {"SyntheticLogGenerator": {"executed_lines": [], "summary": {"covered_lines": 0, "num_statements": 73, "percent_covered": 0.0, "percent_covered_display": "0", "missing_lines": 73, "excluded_lines": 0, "percent_statements_covered": 0.0, "percent_statements_covered_display": "0"}, "missing_lines": [14, 15, 16, 17, 21, 29, 57, 58, 60, 61, 64, 66, 67, 68, 70, 71, 74, 75, 77, 94, 95, 97, 98, 100, 101, 104, 106, 114, 115, 116, 117, 118, 119, 121, 122, 123, 124, 125, 127, 129, 146, 147, 149, 150, 152, 153, 156, 158, 159, 160, 161, 163, 164, 165, 167, 180, 182, 183, 202, 203, 206, 207, 208, 209, 212, 213, 214, 215, 218, 219, 220, 221, 223], "excluded_lines": []}, "": {"executed_lines": [], "summary": {"covered_lines": 0, "num_statements": 18, "percent_covered": 0.0, "percent_covered_display": "0", "missing_lines": 18, "excluded_lines": 2, "percent_statements_covered": 0.0, "percent_statements_covered_display": "0"}, "missing_lines": [3, 4, 5, 6, 7, 10, 13, 42, 79, 131, 185, 230, 232, 235, 236, 242, 243, 244], "excluded_lines": [247, 248]}}}, "src/auto_rca/vectorization/__init__.py": {"executed_lines": [1, 3, 5], "summary": {"covered_lines": 2, "num_statements": 2, "percent_covered": 100.0, "percent_covered_display": "100", "missing_lines": 0, "excluded_lines": 0, "percent_statements_covered": 100.0, "percent_statements_covered_display": "100"}, "missing_lines": [], "excluded_lines": [], "functions": {"": {"executed_lines": [1, 3, 5], "summary": {"covered_lines": 2, "num_statements": 2, "percent_covered": 100.0, "percent_covered_display": "100", "missing_lines": 0, "excluded_lines": 0, "percent_statements_covered": 100.0, "percent_statements_covered_display": "100"}, "missing_lines": [], "excluded_lines": []}}, "classes": {"": {"executed_lines": [1, 3, 5], "summary": {"covered_lines": 2, "num_statements": 2, "percent_covered": 100.0, "percent_covered_display": "100", "missing_lines": 0, "excluded_lines": 0, "percent_statements_covered": 100.0, "percent_statements_covered_display": "100"}, "missing_lines": [], "excluded_lines": []}}}, "src/auto_rca/vectorization/text_vectorizer.py": {"executed_lines": [1, 3, 4, 5, 6, 7, 10, 11, 13, 21, 22, 23, 24, 25, 26, 28, 39, 40, 41, 42, 43, 44, 47, 48, 49, 50, 53, 56, 58, 59, 60, 61, 63, 64, 66, 76, 79, 80, 82, 84, 85, 88, 89, 91, 93, 96, 97, 98, 99, 100, 103, 104, 107, 110, 112, 115, 117, 119, 122, 124, 125, 127, 137, 140, 141, 144, 145, 146, 147, 148, 149, 150, 153, 154, 155, 156, 158, 160, 175, 176], "summary": {"covered_lines": 78, "num_statements": 91, "percent_covered": 85.71428571428571, "percent_covered_display": "86", "missing_lines": 13, "excluded_lines": 0, "percent_statements_covered": 85.71428571428571, "percent_statements_covered_display": "86"}, "missing_lines": [77, 162, 163, 165, 166, 178, 179, 181, 185, 186, 187, 188, 190], "excluded_lines": [], "functions": {"TextVectorizer.__init__": {"executed_lines": [21, 22, 23, 24, 25, 26], "summary": {"covered_lines": 6, "num_statements": 6, "percent_covered": 100.0, "percent_covered_display": "100", "missing_lines": 0, "excluded_lines": 0, "percent_statements_covered": 100.0, "percent_statements_covered_display": "100"}, "missing_lines": [], "excluded_lines": []}, "TextVectorizer.fit": {"executed_lines": [39, 40, 41, 42, 43, 44, 47, 48, 49, 50, 53, 56, 58, 59, 60, 61, 63, 64], "summary": {"covered_lines": 18, "num_statements": 18, "percent_covered": 100.0, "percent_covered_display": "100", "missing_lines": 0, "excluded_lines": 0, "percent_statements_covered": 100.0, "percent_statements_covered_display": "100"}, "missing_lines": [], "excluded_lines": []}, "TextVectorizer.transform_sessions": {"executed_lines": [76, 79, 80, 82, 84, 85, 88, 89, 91], "summary": {"covered_lines": 9, "num_statements": 10, "percent_covered": 90.0, "percent_covered_display": "90", "missing_lines": 1, "excluded_lines": 0, "percent_statements_covered": 90.0, "percent_statements_covered_display": "90"}, "missing_lines": [77], "excluded_lines": []}, "TextVectorizer._session_to_sequence": {"executed_lines": [96, 97, 98, 99, 100, 103, 104, 107, 110, 112, 115, 117], "summary": {"covered_lines": 12, "num_statements": 12, "percent_covered": 100.0, "percent_covered_display": "100", "missing_lines": 0, "excluded_lines": 0, "percent_statements_covered": 100.0, "percent_statements_covered_display": "100"}, "missing_lines": [], "excluded_lines": []}, "TextVectorizer._tokenize": {"executed_lines": [122, 124, 125], "summary": {"covered_lines": 3, "num_statements": 3, "percent_covered": 100.0, "percent_covered_display": "100", "missing_lines": 0, "excluded_lines": 0, "percent_statements_covered": 100.0, "percent_statements_covered_display": "100"}, "missing_lines": [], "excluded_lines": []}, "TextVectorizer.vectorize_session_features": {"executed_lines": [137, 140, 141, 144, 145, 146, 147, 148, 149, 150, 153, 154, 155, 156, 158], "summary": {"covered_lines": 15, "num_statements": 15, "percent_covered": 100.0, "percent_covered_display": "100", "missing_lines": 0, "excluded_lines": 0, "percent_statements_covered": 100.0, "percent_statements_covered_display": "100"}, "missing_lines": [], "excluded_lines": []}, "TextVectorizer.save": {"executed_lines": [], "summary": {"covered_lines": 0, "num_statements": 4, "percent_covered": 0.0, "percent_covered_display": "0", "missing_lines": 4, "excluded_lines": 0, "percent_statements_covered": 0.0, "percent_statements_covered_display": "0"}, "missing_lines": [162, 163, 165, 166], "excluded_lines": []}, "TextVectorizer.load": {"executed_lines": [], "summary": {"covered_lines": 0, "num_statements": 8, "percent_covered": 0.0, "percent_covered_display": "0", "missing_lines": 8, "excluded_lines": 0, "percent_statements_covered": 0.0, "percent_statements_covered_display": "0"}, "missing_lines": [178, 179, 181, 185, 186, 187, 188, 190], "excluded_lines": []}, "": {"executed_lines": [1, 3, 4, 5, 6, 7, 10, 11, 13, 28, 66, 93, 119, 127, 160, 175, 176], "summary": {"covered_lines": 15, "num_statements": 15, "percent_covered": 100.0, "percent_covered_display": "100", "missing_lines": 0, "excluded_lines": 0, "percent_statements_covered": 100.0, "percent_statements_covered_display": "100"}, "missing_lines": [], "excluded_lines": []}}, "classes": {"TextVectorizer": {"executed_lines": [21, 22, 23, 24, 25, 26, 39, 40, 41, 42, 43, 44, 47, 48, 49, 50, 53, 56, 58, 59, 60, 61, 63, 64, 76, 79, 80, 82, 84, 85, 88, 89, 91, 96, 97, 98, 99, 100, 103, 104, 107, 110, 112, 115, 117, 122, 124, 125, 137, 140, 141, 144, 145, 146, 147, 148, 149, 150, 153, 154, 155, 156, 158], "summary": {"covered_lines": 63, "num_statements": 76, "percent_covered": 82.89473684210526, "percent_covered_display": "83", "missing_lines": 13, "excluded_lines": 0, "percent_statements_covered": 82.89473684210526, "percent_statements_covered_display": "83"}, "missing_lines": [77, 162, 163, 165, 166, 178, 179, 181, 185, 186, 187, 188, 190], "excluded_lines": []}, "": {"executed_lines": [1, 3, 4, 5, 6, 7, 10, 11, 13, 28, 66, 93, 119, 127, 160, 175, 176], "summary": {"covered_lines": 15, "num_statements": 15, "percent_covered": 100.0, "percent_covered_display": "100", "missing_lines": 0, "excluded_lines": 0, "percent_statements_covered": 100.0, "percent_statements_covered_display": "100"}, "missing_lines": [], "excluded_lines": []}}}}, "totals": {"covered_lines": 570, "num_statements": 905, "percent_covered": 62.98342541436464, "percent_covered_display": "63", "missing_lines": 335, "excluded_lines": 5, "percent_statements_covered": 62.98342541436464, "percent_statements_covered_display": "63"}}